<?xml version="1.0" encoding="UTF-8"?>
<testsuite xmlns:xsi="http://www.w3.org/2001/XMLSchema-instance" xsi:noNamespaceSchemaLocation="https://maven.apache.org/surefire/maven-surefire-plugin/xsd/surefire-test-report-3.0.xsd" version="3.0" name="com.example.CalculationTest" time="0.065" tests="7" errors="0" skipped="0" failures="0">
  <properties>
    <property name="jpda.address" value="63986"/>
    <property name="java.specification.version" value="23"/>
    <property name="sun.cpu.isalist" value="amd64"/>
    <property name="sun.jnu.encoding" value="Cp1252"/>
    <property name="java.class.path" value="C:\Users\Paul Szelag\Documents\GitHub\java-ui-open-assignment-B3Crazy\target\test-classes;C:\Users\Paul Szelag\.m2\repository\org\openjfx\javafx-controls\13\javafx-controls-13.jar;C:\Users\Paul Szelag\.m2\repository\org\openjfx\javafx-graphics\13\javafx-graphics-13.jar;C:\Users\Paul Szelag\.m2\repository\org\openjfx\javafx-base\13\javafx-base-13.jar;C:\Users\Paul Szelag\.m2\repository\org\openjfx\javafx-fxml\13\javafx-fxml-13.jar;C:\Users\Paul Szelag\.m2\repository\junit\junit\4.13.2\junit-4.13.2.jar;C:\Users\Paul Szelag\.m2\repository\org\hamcrest\hamcrest-core\1.3\hamcrest-core-1.3.jar;"/>
    <property name="java.vm.vendor" value="Oracle Corporation"/>
    <property name="sun.arch.data.model" value="64"/>
    <property name="user.variant" value=""/>
    <property name="java.vendor.url" value="https://java.oracle.com/"/>
    <property name="user.timezone" value="Europe/Berlin"/>
    <property name="forkMode" value="once"/>
    <property name="os.name" value="Windows 10"/>
    <property name="java.vm.specification.version" value="23"/>
    <property name="user.country" value="DE"/>
    <property name="sun.java.launcher" value="SUN_STANDARD"/>
    <property name="sun.boot.library.path" value="C:\Users\Paul Szelag\AppData\Local\Programs\Microsoft VS Code\OpenJDK-23\bin"/>
    <property name="sun.java.command" value="org.apache.maven.surefire.booter.ForkedBooter C:\Users\Paul Szelag\AppData\Local\Temp\surefire17827970707854838093 2025-01-10T18-30-08_092-jvmRun1 surefire-20250110183008327_1tmp surefire_0-20250110183008327_2tmp"/>
    <property name="jdk.debug" value="release"/>
    <property name="test" value="${packageClassName}"/>
    <property name="surefire.test.class.path" value="C:\Users\Paul Szelag\Documents\GitHub\java-ui-open-assignment-B3Crazy\target\test-classes;C:\Users\Paul Szelag\.m2\repository\org\openjfx\javafx-controls\13\javafx-controls-13.jar;C:\Users\Paul Szelag\.m2\repository\org\openjfx\javafx-graphics\13\javafx-graphics-13.jar;C:\Users\Paul Szelag\.m2\repository\org\openjfx\javafx-base\13\javafx-base-13.jar;C:\Users\Paul Szelag\.m2\repository\org\openjfx\javafx-fxml\13\javafx-fxml-13.jar;C:\Users\Paul Szelag\.m2\repository\junit\junit\4.13.2\junit-4.13.2.jar;C:\Users\Paul Szelag\.m2\repository\org\hamcrest\hamcrest-core\1.3\hamcrest-core-1.3.jar;"/>
    <property name="sun.cpu.endian" value="little"/>
    <property name="user.home" value="C:\Users\Paul Szelag"/>
    <property name="user.language" value="de"/>
    <property name="java.specification.vendor" value="Oracle Corporation"/>
    <property name="jdk.module.path" value="C:\Users\Paul Szelag\Documents\GitHub\java-ui-open-assignment-B3Crazy\target\classes;C:\Users\Paul Szelag\.m2\repository\org\openjfx\javafx-controls\13\javafx-controls-13-win.jar;C:\Users\Paul Szelag\.m2\repository\org\openjfx\javafx-graphics\13\javafx-graphics-13-win.jar;C:\Users\Paul Szelag\.m2\repository\org\openjfx\javafx-base\13\javafx-base-13-win.jar;C:\Users\Paul Szelag\.m2\repository\org\openjfx\javafx-fxml\13\javafx-fxml-13-win.jar"/>
    <property name="java.version.date" value="2024-10-15"/>
    <property name="java.home" value="C:\Users\Paul Szelag\AppData\Local\Programs\Microsoft VS Code\OpenJDK-23"/>
    <property name="file.separator" value="\"/>
    <property name="basedir" value="C:\Users\Paul Szelag\Documents\GitHub\java-ui-open-assignment-B3Crazy"/>
    <property name="java.vm.compressedOopsMode" value="Zero based"/>
    <property name="line.separator" value="&#10;"/>
    <property name="java.vm.specification.vendor" value="Oracle Corporation"/>
    <property name="java.specification.name" value="Java Platform API Specification"/>
    <property name="surefire.real.class.path" value="C:\Users\Paul Szelag\.m2\repository\org\apache\maven\surefire\surefire-booter\3.2.5\surefire-booter-3.2.5.jar;C:\Users\Paul Szelag\.m2\repository\org\apache\maven\surefire\surefire-api\3.2.5\surefire-api-3.2.5.jar;C:\Users\Paul Szelag\.m2\repository\org\apache\maven\surefire\surefire-logger-api\3.2.5\surefire-logger-api-3.2.5.jar;C:\Users\Paul Szelag\.m2\repository\org\apache\maven\surefire\surefire-shared-utils\3.2.5\surefire-shared-utils-3.2.5.jar;C:\Users\Paul Szelag\.m2\repository\org\apache\maven\surefire\surefire-extensions-spi\3.2.5\surefire-extensions-spi-3.2.5.jar;C:\Users\Paul Szelag\Documents\GitHub\java-ui-open-assignment-B3Crazy\target\test-classes;C:\Users\Paul Szelag\.m2\repository\org\openjfx\javafx-controls\13\javafx-controls-13.jar;C:\Users\Paul Szelag\.m2\repository\org\openjfx\javafx-graphics\13\javafx-graphics-13.jar;C:\Users\Paul Szelag\.m2\repository\org\openjfx\javafx-base\13\javafx-base-13.jar;C:\Users\Paul Szelag\.m2\repository\org\openjfx\javafx-fxml\13\javafx-fxml-13.jar;C:\Users\Paul Szelag\.m2\repository\junit\junit\4.13.2\junit-4.13.2.jar;C:\Users\Paul Szelag\.m2\repository\org\hamcrest\hamcrest-core\1.3\hamcrest-core-1.3.jar;C:\Users\Paul Szelag\.m2\repository\org\apache\maven\surefire\surefire-junit4\3.2.5\surefire-junit4-3.2.5.jar;C:\Users\Paul Szelag\.m2\repository\org\apache\maven\surefire\common-java5\3.2.5\common-java5-3.2.5.jar;C:\Users\Paul Szelag\.m2\repository\org\apache\maven\surefire\common-junit3\3.2.5\common-junit3-3.2.5.jar;C:\Users\Paul Szelag\.m2\repository\org\apache\maven\surefire\common-junit4\3.2.5\common-junit4-3.2.5.jar"/>
    <property name="user.script" value=""/>
    <property name="sun.management.compiler" value="HotSpot 64-Bit Tiered Compilers"/>
    <property name="java.runtime.version" value="23.0.1+11-39"/>
    <property name="user.name" value="Paul Szelag"/>
    <property name="stdout.encoding" value="Cp1252"/>
    <property name="path.separator" value=";"/>
    <property name="os.version" value="10.0"/>
    <property name="java.runtime.name" value="OpenJDK Runtime Environment"/>
    <property name="file.encoding" value="UTF-8"/>
    <property name="java.vm.name" value="OpenJDK 64-Bit Server VM"/>
    <property name="jpda.listen" value="true"/>
    <property name="maven.ext.class.path" value="C:\Users\Paul Szelag\.vscode\extensions\oracle.oracle-java-23.0.1\nbcode\java\maven-nblib\netbeans-eventspy.jar"/>
    <property name="localRepository" value="C:\Users\Paul Szelag\.m2\repository"/>
    <property name="java.vendor.url.bug" value="https://bugreport.java.com/bugreport/"/>
    <property name="java.io.tmpdir" value="C:\Users\PAULSZ~1\AppData\Local\Temp\"/>
    <property name="java.version" value="23.0.1"/>
    <property name="user.dir" value="C:\Users\Paul Szelag\Documents\GitHub\java-ui-open-assignment-B3Crazy"/>
    <property name="os.arch" value="amd64"/>
    <property name="java.vm.specification.name" value="Java Virtual Machine Specification"/>
    <property name="sun.os.patch.level" value=""/>
    <property name="native.encoding" value="Cp1252"/>
    <property name="java.library.path" value="C:\Users\Paul Szelag\AppData\Local\Programs\Microsoft VS Code\OpenJDK-23\bin;C:\WINDOWS\Sun\Java\bin;C:\WINDOWS\system32;C:\WINDOWS;C:\Program Files (x86)\Common Files\Oracle\Java\java8path;C:\Program Files (x86)\Common Files\Oracle\Java\javapath;C:\WINDOWS\system32;C:\WINDOWS;C:\WINDOWS\System32\Wbem;C:\WINDOWS\System32\WindowsPowerShell\v1.0\;C:\WINDOWS\System32\OpenSSH\;C:\Program Files\Git\cmd;C:\Program Files\Docker\Docker\resources\bin;C:\Users\Paul Szelag\AppData\Local\Microsoft\WindowsApps;C:\Users\Paul Szelag\AppData\Local\Programs\Microsoft VS Code\bin;C:\Users\Paul Szelag\AppData\Local\GitHubDesktop\bin;."/>
    <property name="java.vm.info" value="mixed mode"/>
    <property name="stderr.encoding" value="Cp1252"/>
    <property name="java.vendor" value="Oracle Corporation"/>
    <property name="java.vm.version" value="23.0.1+11-39"/>
    <property name="sun.io.unicode.encoding" value="UnicodeLittle"/>
    <property name="java.class.version" value="67.0"/>
    <property name="maven.surefire.debug" value="-agentlib:jdwp=transport=dt_socket,server=n,address=63986"/>
  </properties>
  <testcase name="testAdditionOperation" classname="com.example.CalculationTest" time="0.009">
    <system-out><![CDATA[Test passed
]]></system-out>
  </testcase>
  <testcase name="testTriangle" classname="com.example.CalculationTest" time="0.001">
    <system-out><![CDATA[Test passed
]]></system-out>
  </testcase>
  <testcase name="testSubtractionOperation" classname="com.example.CalculationTest" time="0.004">
    <system-out><![CDATA[Test passed
]]></system-out>
  </testcase>
  <testcase name="testMultiplicationOperation" classname="com.example.CalculationTest" time="0.001">
    <system-out><![CDATA[Test passed
]]></system-out>
  </testcase>
  <testcase name="testDivisionOperation" classname="com.example.CalculationTest" time="0.0">
    <system-out><![CDATA[Test passed
]]></system-out>
  </testcase>
  <testcase name="testCircle" classname="com.example.CalculationTest" time="0.0">
    <system-out><![CDATA[Test passed
]]></system-out>
  </testcase>
  <testcase name="testRectangle" classname="com.example.CalculationTest" time="0.0">
    <system-out><![CDATA[Test passed
]]></system-out>
  </testcase>
</testsuite>